\BOOKMARK [1][]{section.1}{\376\377\000I\000\040\000I\000n\000t\000r\000o\000d\000u\000c\000t\000i\000o\000n}{}% 1
\BOOKMARK [1][]{section.2}{\376\377\000I\000I\000\040\000R\000e\000l\000a\000t\000e\000d\000\040\000W\000o\000r\000k}{}% 2
\BOOKMARK [2][]{subsection.2.1}{\376\377\000I\000I\000-\000A\000\040\000A\000e\000r\000i\000a\000l\000\040\000I\000m\000a\000g\000e\000r\000y\000\040\000D\000a\000t\000a\000s\000e\000t\000s}{section.2}% 3
\BOOKMARK [3][]{subsubsection.2.1.1}{\376\377\000I\000I\000-\000A\0001\000\040\000I\000n\000s\000t\000a\000n\000c\000e\000\040\000a\000n\000d\000\040\000S\000e\000m\000a\000n\000t\000i\000c\000\040\000S\000e\000g\000m\000e\000n\000t\000a\000t\000i\000o\000n}{subsection.2.1}% 4
\BOOKMARK [3][]{subsubsection.2.1.2}{\376\377\000I\000I\000-\000A\0002\000\040\000R\000e\000f\000e\000r\000r\000i\000n\000g\000\040\000E\000x\000p\000r\000e\000s\000s\000i\000o\000n\000\040\000S\000e\000g\000m\000e\000n\000t\000a\000t\000i\000o\000n\000\040\000D\000a\000t\000a\000s\000e\000t\000s}{subsection.2.1}% 5
\BOOKMARK [3][]{subsubsection.2.1.3}{\376\377\000I\000I\000-\000A\0003\000\040\000H\000i\000s\000t\000o\000r\000i\000c\000a\000l\000\040\000I\000m\000a\000g\000e\000r\000y\000\040\000A\000p\000p\000l\000i\000c\000a\000t\000i\000o\000n\000s}{subsection.2.1}% 6
\BOOKMARK [2][]{subsection.2.2}{\376\377\000I\000I\000-\000B\000\040\000A\000r\000c\000h\000i\000t\000e\000c\000t\000u\000r\000e\000s\000\040\000f\000o\000r\000\040\000R\000R\000S\000I\000S}{section.2}% 7
\BOOKMARK [2][]{subsection.2.3}{\376\377\000I\000I\000-\000C\000\040\000O\000v\000e\000r\000v\000i\000e\000w}{section.2}% 8
\BOOKMARK [1][]{section.3}{\376\377\000I\000I\000I\000\040\000A\000e\000r\000i\000a\000l\000-\000D\000\040\000D\000a\000t\000a\000s\000e\000t\000\040\000C\000o\000n\000s\000t\000r\000u\000c\000t\000i\000o\000n}{}% 9
\BOOKMARK [2][]{subsection.3.1}{\376\377\000I\000I\000I\000-\000A\000\040\000S\000o\000u\000r\000c\000e\000\040\000D\000a\000t\000a\000s\000e\000t\000s}{section.3}% 10
\BOOKMARK [2][]{subsection.3.2}{\376\377\000I\000I\000I\000-\000B\000\040\000R\000u\000l\000e\000-\000B\000a\000s\000e\000d\000\040\000E\000x\000p\000r\000e\000s\000s\000i\000o\000n\000\040\000G\000e\000n\000e\000r\000a\000t\000i\000o\000n}{section.3}% 11
\BOOKMARK [2][]{subsection.3.3}{\376\377\000I\000I\000I\000-\000C\000\040\000L\000L\000M\000\040\000E\000x\000p\000r\000e\000s\000s\000i\000o\000n\000\040\000G\000e\000n\000e\000r\000a\000t\000i\000o\000n}{section.3}% 12
\BOOKMARK [2][]{subsection.3.4}{\376\377\000I\000I\000I\000-\000D\000\040\000H\000i\000s\000t\000o\000r\000i\000c\000\040\000I\000m\000a\000g\000e\000\040\000F\000i\000l\000t\000e\000r\000\040\000A\000u\000g\000m\000e\000n\000t\000a\000t\000i\000o\000n}{section.3}% 13
\BOOKMARK [2][]{subsection.3.5}{\376\377\000I\000I\000I\000-\000E\000\040\000F\000i\000n\000a\000l\000\040\000D\000a\000t\000a\000s\000e\000t\000\040\000S\000t\000a\000t\000i\000s\000t\000i\000c\000s}{section.3}% 14
\BOOKMARK [1][]{section.4}{\376\377\000I\000V\000\040\000E\000x\000p\000e\000r\000i\000m\000e\000n\000t\000s}{}% 15
\BOOKMARK [2][]{subsection.4.1}{\376\377\000I\000V\000-\000A\000\040\000M\000o\000d\000e\000l\000\040\000A\000r\000c\000h\000i\000t\000e\000c\000t\000u\000r\000e}{section.4}% 16
\BOOKMARK [2][]{subsection.4.2}{\376\377\000I\000V\000-\000B\000\040\000E\000x\000p\000e\000r\000i\000m\000e\000n\000t\000a\000l\000\040\000S\000e\000t\000u\000p}{section.4}% 17
\BOOKMARK [2][]{subsection.4.3}{\376\377\000I\000V\000-\000C\000\040\000E\000v\000a\000l\000u\000a\000t\000i\000o\000n\000\040\000R\000e\000s\000u\000l\000t\000s}{section.4}% 18
\BOOKMARK [2][]{subsection.4.4}{\376\377\000I\000V\000-\000D\000\040\000L\000L\000M\000\040\000E\000x\000p\000r\000e\000s\000s\000i\000o\000n\000\040\000G\000e\000n\000e\000r\000a\000t\000i\000o\000n\000\040\000A\000b\000l\000a\000t\000i\000o\000n}{section.4}% 19
\BOOKMARK [2][]{subsection.4.5}{\376\377\000I\000V\000-\000E\000\040\000D\000i\000s\000t\000i\000l\000l\000a\000t\000i\000o\000n\000\040\000A\000b\000l\000a\000t\000i\000o\000n\000:\000\040\000G\000e\000m\000m\000a\0003\000\040\000v\000s\000.\000\040\000o\0003\000\040\000M\000o\000d\000e\000l\000\040\000C\000o\000m\000p\000a\000r\000i\000s\000o\000n}{section.4}% 20
\BOOKMARK [2][]{subsection.4.6}{\376\377\000I\000V\000-\000F\000\040\000H\000i\000s\000t\000o\000r\000i\000c\000\040\000F\000i\000l\000t\000e\000r\000\040\000A\000b\000l\000a\000t\000i\000o\000n\000\040\000S\000t\000u\000d\000y}{section.4}% 21
\BOOKMARK [1][]{section.5}{\376\377\000V\000\040\000C\000o\000n\000c\000l\000u\000s\000i\000o\000n\000\040\000a\000n\000d\000\040\000F\000u\000t\000u\000r\000e\000\040\000W\000o\000r\000k}{}% 22
\BOOKMARK [1][]{section*.1}{\376\377\000R\000e\000f\000e\000r\000e\000n\000c\000e\000s}{}% 23
